TN:
SF:src/App.tsx
FN:4,App
FNF:1
FNH:1
FNDA:5,App
DA:1,1
DA:2,1
DA:3,1
DA:4,5
DA:5,5
DA:6,5
DA:7,5
DA:8,5
DA:9,5
DA:10,5
DA:11,5
DA:12,5
LF:12
LH:12
BRDA:4,0,0,5
BRF:1
BRH:1
end_of_record
TN:
SF:src/ApplicationRoutes.tsx
FN:4,ApplicationRoutes
FNF:1
FNH:1
FNDA:5,ApplicationRoutes
DA:1,1
DA:2,1
DA:3,1
DA:4,5
DA:5,5
DA:6,5
DA:7,5
DA:8,5
DA:9,5
DA:10,5
DA:11,5
DA:12,5
LF:12
LH:12
BRDA:4,0,0,5
BRF:1
BRH:1
end_of_record
TN:
SF:src/clients/ApplicationClient.ts
FN:4,createApplication
FNF:1
FNH:1
FNDA:1,createApplication
DA:1,1
DA:2,1
DA:3,1
DA:4,1
DA:5,1
DA:6,1
DA:7,1
LF:7
LH:7
BRDA:4,0,0,1
BRF:1
BRH:1
end_of_record
TN:
SF:src/components/Applicants/CreateApplication.tsx
FN:18,CreateApplication
FN:25,onSubmit
FN:46,render
FN:69,render
FN:83,render
FN:96,render
FNF:6
FNH:5
FNDA:4,CreateApplication
FNDA:0,onSubmit
FNDA:4,render
FNDA:4,render
FNDA:4,render
FNDA:4,render
DA:1,1
DA:2,1
DA:3,1
DA:4,1
DA:5,1
DA:6,1
DA:7,1
DA:8,1
DA:9,1
DA:10,1
DA:11,1
DA:12,1
DA:13,1
DA:14,1
DA:15,1
DA:16,1
DA:17,1
DA:18,4
DA:19,4
DA:20,4
DA:21,4
DA:22,4
DA:23,4
DA:24,4
DA:25,4
DA:26,0
DA:27,0
DA:28,0
DA:29,0
DA:30,4
DA:31,4
DA:32,4
DA:33,4
DA:34,4
DA:35,4
DA:36,4
DA:37,4
DA:38,4
DA:39,4
DA:40,4
DA:41,4
DA:42,4
DA:43,4
DA:44,4
DA:45,4
DA:46,4
DA:47,4
DA:48,4
DA:49,4
DA:50,4
DA:51,4
DA:52,4
DA:53,4
DA:54,4
DA:55,4
DA:56,4
DA:57,4
DA:58,4
DA:59,4
DA:60,4
DA:61,4
DA:62,4
DA:63,4
DA:64,4
DA:65,4
DA:66,4
DA:67,4
DA:68,4
DA:69,4
DA:70,4
DA:71,4
DA:72,4
DA:73,4
DA:74,4
DA:75,4
DA:76,4
DA:77,4
DA:78,4
DA:79,4
DA:80,4
DA:81,4
DA:82,4
DA:83,4
DA:84,4
DA:85,4
DA:86,4
DA:87,4
DA:88,4
DA:89,4
DA:90,4
DA:91,4
DA:92,4
DA:93,4
DA:94,4
DA:95,4
DA:96,4
DA:97,4
DA:98,4
DA:99,4
DA:100,4
DA:101,4
DA:102,4
DA:103,4
DA:104,4
DA:105,4
DA:106,12
DA:107,4
DA:108,4
DA:109,4
DA:110,4
DA:111,4
DA:112,4
DA:113,4
DA:114,4
DA:115,4
DA:116,4
DA:117,4
DA:118,4
LF:118
LH:114
BRDA:18,0,0,4
BRDA:46,1,0,4
BRDA:69,2,0,4
BRDA:83,3,0,4
BRDA:96,4,0,4
BRDA:105,5,0,12
BRF:6
BRH:6
end_of_record
TN:
SF:src/components/AppNavbar/AppNavbar.tsx
FN:4,AppNavbar
FN:14,onClick
FN:21,onClick
FNF:3
FNH:2
FNDA:9,AppNavbar
FNDA:4,onClick
FNDA:0,onClick
DA:1,1
DA:2,1
DA:3,1
DA:4,9
DA:5,9
DA:6,9
DA:7,9
DA:8,9
DA:9,9
DA:10,9
DA:11,9
DA:12,9
DA:13,9
DA:14,9
DA:15,4
DA:16,4
DA:17,9
DA:18,9
DA:19,9
DA:20,9
DA:21,9
DA:22,0
DA:23,0
DA:24,9
DA:25,9
DA:26,9
DA:27,9
DA:28,9
DA:29,9
DA:30,9
DA:31,9
DA:32,9
LF:32
LH:30
BRDA:4,0,0,9
BRDA:14,1,0,4
BRF:2
BRH:2
end_of_record
TN:
SF:src/helpers/ApplicationHelpers.ts
FNF:0
FNH:0
DA:1,1
DA:2,1
DA:3,1
DA:4,1
DA:5,1
DA:6,1
DA:7,1
DA:8,1
LF:8
LH:8
BRF:0
BRH:0
end_of_record
